#
# There is insufficient memory for the Java Runtime Environment to continue.
# Native memory allocation (mmap) failed to map 266338304 bytes for Failed to commit area from 0x0000000703600000 to 0x0000000713400000 of length 266338304.
# Possible reasons:
#   The system is out of physical RAM or swap space
#   The process is running with CompressedOops enabled, and the Java Heap may be blocking the growth of the native heap
# Possible solutions:
#   Reduce memory load on the system
#   Increase physical memory or swap space
#   Check if swap backing store is full
#   Decrease Java heap size (-Xmx/-Xms)
#   Decrease number of Java threads
#   Decrease Java thread stack sizes (-Xss)
#   Set larger code cache with -XX:ReservedCodeCacheSize=
# This output file may be truncated or incomplete.
#
#  Out of Memory Error (./open/src/hotspot/os/windows/os_windows.cpp:3275), pid=15128, tid=16308
#
# JRE version:  (11.0.8+10) (build )
# Java VM: Java HotSpot(TM) 64-Bit Server VM (11.0.8+10-LTS, mixed mode, sharing, tiered, compressed oops, g1 gc, windows-amd64)
# No core dump will be written. Minidumps are not enabled by default on client versions of Windows
#

---------------  S U M M A R Y ------------

Command Line: -Dclassworlds.conf=C:\Users\soft\apache-maven-3.8.3\bin\m2.conf -Dmaven.home=C:\Users\soft\apache-maven-3.8.3 -Dlibrary.jansi.path=C:\Users\soft\apache-maven-3.8.3\lib\jansi-native -Dmaven.multiModuleProjectDirectory=C:\Users\MWP-\Documents\nafas\nafiseh phd\chapter plan\chapter3\jbpm\jbmp\jbpm-rebuild\jbpm-main org.codehaus.plexus.classworlds.launcher.Launcher -Dtest=TenantsTest test

Host: Intel(R) Core(TM) i7-8665U CPU @ 1.90GHz, 8 cores, 15G,  Windows 10 , 64 bit Build 19041 (10.0.19041.2364)
Time: Fri Feb 10 14:08:10 2023 W. Europe Standard Time elapsed time: 0 seconds (0d 0h 0m 0s)

---------------  T H R E A D  ---------------

Current thread (0x0000020e904f8000):  JavaThread "Unknown thread" [_thread_in_vm, id=16308, stack(0x00000051bd200000,0x00000051bd300000)]

Stack: [0x00000051bd200000,0x00000051bd300000]
Native frames: (J=compiled Java code, j=interpreted, Vv=VM code, C=native code)
V  [jvm.dll+0x601aea]
V  [jvm.dll+0x737fef]
V  [jvm.dll+0x739675]
V  [jvm.dll+0x739cf3]
V  [jvm.dll+0x242848]
V  [jvm.dll+0x5fef8a]
V  [jvm.dll+0x5f3eb5]
V  [jvm.dll+0x2f651c]
V  [jvm.dll+0x2f63a2]
V  [jvm.dll+0x2fb056]
V  [jvm.dll+0x33ce9f]
V  [jvm.dll+0x33c8d0]
V  [jvm.dll+0x2d4768]
V  [jvm.dll+0x2d58c6]
V  [jvm.dll+0x713e67]
V  [jvm.dll+0x71570f]
V  [jvm.dll+0x349c19]
V  [jvm.dll+0x6f97f0]
V  [jvm.dll+0x3b2a5f]
V  [jvm.dll+0x3b4e81]
C  [jli.dll+0x5213]
C  [ucrtbase.dll+0x21bb2]
C  [KERNEL32.DLL+0x17614]
C  [ntdll.dll+0x526a1]


---------------  P R O C E S S  ---------------

Threads class SMR info:
_java_thread_list=0x0000020e8ea74ef0, length=0, elements={
}

Java Threads: ( => current thread )

Other Threads:
  0x0000020e9050d000 GCTaskThread "GC Thread#0" [stack: 0x00000051bd300000,0x00000051bd400000] [id=13988]
  0x0000020e9056d000 ConcurrentGCThread "G1 Main Marker" [stack: 0x00000051bd400000,0x00000051bd500000] [id=9528]
  0x0000020e9056e800 ConcurrentGCThread "G1 Conc#0" [stack: 0x00000051bd500000,0x00000051bd600000] [id=15364]

[error occurred during error reporting (printing all threads), id 0xc0000005, EXCEPTION_ACCESS_VIOLATION (0xc0000005) at pc=0x00007ff945c92f67]

VM state:not at safepoint (not fully initialized)

VM Mutex/Monitor currently owned by a thread:  ([mutex/lock_event])
[0x0000020e904f4880] Heap_lock - owner thread: 0x0000020e904f8000

Heap address: 0x0000000703600000, size: 4042 MB, Compressed Oops mode: Non-zero based: 0x0000000703600000
Narrow klass base: 0x0000000000000000, Narrow klass shift: 0

GC Heap History (0 events):
No events

Deoptimization events (0 events):
No events

Classes redefined (0 events):
No events

Internal exceptions (0 events):
No events

Events (0 events):
No events


Dynamic libraries:
0x00007ff7da970000 - 0x00007ff7da97f000 	C:\Program Files\Java\jdk-11.0.8\bin\java.exe
0x00007ff9c0390000 - 0x00007ff9c0588000 	C:\Windows\SYSTEM32\ntdll.dll
0x00007ff9bef10000 - 0x00007ff9befcf000 	C:\Windows\System32\KERNEL32.DLL
0x00007ff9bdc10000 - 0x00007ff9bdee2000 	C:\Windows\System32\KERNELBASE.dll
0x00007ff9be2d0000 - 0x00007ff9be3d0000 	C:\Windows\System32\ucrtbase.dll
0x00007ff9bb9e0000 - 0x00007ff9bb9f5000 	C:\Program Files\Java\jdk-11.0.8\bin\VCRUNTIME140.dll
0x00007ff9bb860000 - 0x00007ff9bb878000 	C:\Program Files\Java\jdk-11.0.8\bin\jli.dll
0x00007ff9bf450000 - 0x00007ff9bf4fe000 	C:\Windows\System32\ADVAPI32.dll
0x00007ff9bf760000 - 0x00007ff9bf7fe000 	C:\Windows\System32\msvcrt.dll
0x00007ff9bf500000 - 0x00007ff9bf59c000 	C:\Windows\System32\sechost.dll
0x00007ff9c0220000 - 0x00007ff9c0345000 	C:\Windows\System32\RPCRT4.dll
0x00007ff9bf800000 - 0x00007ff9bf9a1000 	C:\Windows\System32\USER32.dll
0x00007ff9bdb90000 - 0x00007ff9bdbb2000 	C:\Windows\System32\win32u.dll
0x00007ff9bf730000 - 0x00007ff9bf75b000 	C:\Windows\System32\GDI32.dll
0x00007ff99dcf0000 - 0x00007ff99df8a000 	C:\Windows\WinSxS\amd64_microsoft.windows.common-controls_6595b64144ccf1df_6.0.19041.1110_none_60b5254171f9507e\COMCTL32.dll
0x00007ff9bda80000 - 0x00007ff9bdb8f000 	C:\Windows\System32\gdi32full.dll
0x00007ff9bdfa0000 - 0x00007ff9be03d000 	C:\Windows\System32\msvcp_win.dll
0x00007ff9b54b0000 - 0x00007ff9b54ba000 	C:\Windows\SYSTEM32\VERSION.dll
0x00007ff9c01e0000 - 0x00007ff9c0212000 	C:\Windows\System32\IMM32.DLL
0x00007ff9a0e20000 - 0x00007ff9a0ebb000 	C:\Program Files\Java\jdk-11.0.8\bin\msvcp140.dll
0x00007ff9459b0000 - 0x00007ff946496000 	C:\Program Files\Java\jdk-11.0.8\bin\server\jvm.dll
0x00007ff9bf220000 - 0x00007ff9bf228000 	C:\Windows\System32\PSAPI.DLL
0x00007ff99d330000 - 0x00007ff99d357000 	C:\Windows\SYSTEM32\WINMM.dll
0x00007ff9bb840000 - 0x00007ff9bb849000 	C:\Windows\SYSTEM32\WSOCK32.dll
0x00007ff9bf3e0000 - 0x00007ff9bf44b000 	C:\Windows\System32\WS2_32.dll
0x00007ff9bc290000 - 0x00007ff9bc2a2000 	C:\Windows\SYSTEM32\kernel.appcore.dll
0x00007ff9bb3e0000 - 0x00007ff9bb3f0000 	C:\Program Files\Java\jdk-11.0.8\bin\verify.dll
0x00007ff9bb0b0000 - 0x00007ff9bb294000 	C:\Windows\SYSTEM32\DBGHELP.DLL
0x00007ff9bacb0000 - 0x00007ff9bace5000 	C:\Windows\SYSTEM32\dbgcore.DLL
0x00007ff9be040000 - 0x00007ff9be0c2000 	C:\Windows\System32\bcryptPrimitives.dll
0x00007ff9a9380000 - 0x00007ff9a93a8000 	C:\Program Files\Java\jdk-11.0.8\bin\java.dll
0x00007ff9bb3d0000 - 0x00007ff9bb3da000 	C:\Program Files\Java\jdk-11.0.8\bin\jimage.dll
0x00007ff9b58d0000 - 0x00007ff9b58e6000 	C:\Program Files\Java\jdk-11.0.8\bin\zip.dll

dbghelp: loaded successfully - version: 4.0.5 - missing functions: none
symbol engine: initialized successfully - sym options: 0x614 - pdb path: .;C:\Program Files\Java\jdk-11.0.8\bin;C:\Windows\SYSTEM32;C:\Windows\WinSxS\amd64_microsoft.windows.common-controls_6595b64144ccf1df_6.0.19041.1110_none_60b5254171f9507e;C:\Program Files\Java\jdk-11.0.8\bin\server

VM Arguments:
jvm_args: -Dclassworlds.conf=C:\Users\soft\apache-maven-3.8.3\bin\m2.conf -Dmaven.home=C:\Users\soft\apache-maven-3.8.3 -Dlibrary.jansi.path=C:\Users\soft\apache-maven-3.8.3\lib\jansi-native -Dmaven.multiModuleProjectDirectory=C:\Users\MWP-\Documents\nafas\nafiseh phd\chapter plan\chapter3\jbpm\jbmp\jbpm-rebuild\jbpm-main 
java_command: org.codehaus.plexus.classworlds.launcher.Launcher -Dtest=TenantsTest test
java_class_path (initial): C:\Users\soft\apache-maven-3.8.3\boot\plexus-classworlds-2.6.0.jar
Launcher Type: SUN_STANDARD

[Global flags]
     intx CICompilerCount                          = 4                                         {product} {ergonomic}
     uint ConcGCThreads                            = 2                                         {product} {ergonomic}
     uint G1ConcRefinementThreads                  = 8                                         {product} {ergonomic}
   size_t G1HeapRegionSize                         = 1048576                                   {product} {ergonomic}
    uintx GCDrainStackTargetSize                   = 64                                        {product} {ergonomic}
   size_t InitialHeapSize                          = 266338304                                 {product} {ergonomic}
   size_t MarkStackSize                            = 4194304                                   {product} {ergonomic}
   size_t MaxHeapSize                              = 4238344192                                {product} {ergonomic}
   size_t MinHeapDeltaBytes                        = 1048576                                   {product} {ergonomic}
    uintx NonNMethodCodeHeapSize                   = 5836300                                {pd product} {ergonomic}
    uintx NonProfiledCodeHeapSize                  = 122910970                              {pd product} {ergonomic}
    uintx ProfiledCodeHeapSize                     = 122910970                              {pd product} {ergonomic}
    uintx ReservedCodeCacheSize                    = 251658240                              {pd product} {ergonomic}
     bool SegmentedCodeCache                       = true                                      {product} {ergonomic}
     bool UseCompressedClassPointers               = true                                 {lp64_product} {ergonomic}
     bool UseCompressedOops                        = true                                 {lp64_product} {ergonomic}
     bool UseG1GC                                  = true                                      {product} {ergonomic}
     bool UseLargePagesIndividualAllocation        = false                                  {pd product} {ergonomic}

Logging:
Log output configuration:
 #0: stdout all=warning uptime,level,tags
 #1: stderr all=off uptime,level,tags

Environment Variables:
JAVA_HOME=C:\Program Files\Java\jdk-11.0.8
PATH=C:\Users\MWP-\AppData\Local\Microsoft\WindowsApps;C:\Users\MWP-\AppData\Roaming\npm;C:\apache-ant-1.10.12\bin;C:\Program Files\Java\jdk-11.0.8\bin;C:\Users\soft\apache-maven-3.8.3\bin;C:\Program Files\nodejs;C:\WINDOWS\system32;C:\WINDOWS\;C:\Windows\System32\curl-7.79.1-win64-mingw\bin;C:\Program Files\Docker\Docker\resources\bin;C:\ProgramData\DockerDesktop\version-bin;C:\Python30;C:\Users\MWP-\AppData\Local\Programs\Python\Python310;C:\Users\MWP-\AppData\Local\Programs\Python\Python310\Scripts;C:\Program Files (x86)\OpenVPN\bin;C:\Program Files\VisualSVN Server\bin;C:\Program Files\TortoiseSVN\bin;C:\Program Files\Java\scripts;C:\rtools40\usr\bin;C:\Program Files\Graphviz\bin\dot.exe;C:\Users\MWP-\miniconda3;C:\Users\MWP-\miniconda3\Library\mingw-w64\bin;C:\Users\MWP-\miniconda3\Library\usr\bin;C:\Users\MWP-\miniconda3\Library\bin;C:\Users\MWP-\miniconda3\Scripts;C:\Program Files\MySQL\MySQL Shell 8.0\bin\;C:\Users\MWP-\AppData\Local\Microsoft\WindowsApps;C:\Users\MWP-\AppData\Roaming\npm;C:\Windows\System32\WindowsPowerShell\v1.0;C:\Program Files\Graphviz\bin;
USERNAME=MWP-
OS=Windows_NT
PROCESSOR_IDENTIFIER=Intel64 Family 6 Model 142 Stepping 12, GenuineIntel



---------------  S Y S T E M  ---------------

OS: Windows 10 , 64 bit Build 19041 (10.0.19041.2364)
HyperV virtualization detected

CPU:total 8 (initial active 8) (4 cores per cpu, 2 threads per core) family 6 model 142 stepping 12, cmov, cx8, fxsr, mmx, sse, sse2, sse3, ssse3, sse4.1, sse4.2, popcnt, avx, avx2, aes, clmul, erms, 3dnowpref, lzcnt, ht, tsc, tscinvbit, bmi1, bmi2, adx, fma

Memory: 4k page, system-wide physical 16162M (1584M free)
TotalPageFile size 36022M (AvailPageFile size 156M)
current process WorkingSet (physical memory assigned to process): 10M, peak: 10M
current process commit charge ("private bytes"): 60M, peak: 314M

vm_info: Java HotSpot(TM) 64-Bit Server VM (11.0.8+10-LTS) for windows-amd64 JRE (11.0.8+10-LTS), built on Jun 16 2020 05:53:08 by "mach5one" with unknown MS VC++:1916

END.
